<?xml version="1.0" encoding="UTF-8"?>
<!-- Generated by org.testng.reporters.JUnitReportReporter -->
<testsuite hostname="DESKTOP-TM4M2P9" failures="0" tests="4" name="testPackage.TestNGGroupsDemo" time="0.018" errors="0" timestamp="2023-11-03T21:35:10 IST" skipped="0">
  <testcase classname="testPackage.TestNGGroupsDemo" name="test3" time="0.002"/>
  <testcase classname="testPackage.TestNGGroupsDemo" name="test1" time="0.012"/>
  <testcase classname="testPackage.TestNGGroupsDemo" name="test4" time="0.002"/>
  <testcase classname="testPackage.TestNGGroupsDemo" name="test2" time="0.002"/>
</testsuite> <!-- testPackage.TestNGGroupsDemo -->
