<?xml version="1.0" encoding="UTF-8"?>
<!-- Generated by org.testng.reporters.JUnitReportReporter -->
<testsuite hostname="DESKTOP-TM4M2P9" failures="0" tests="3" name="utils.ExcelDataProvider" time="7.947" errors="0" timestamp="2023-11-02T23:28:14 IST" skipped="0">
  <testcase classname="utils.ExcelDataProvider" name="test1" time="3.106"/>
  <testcase classname="utils.ExcelDataProvider" name="test1" time="2.432"/>
  <testcase classname="utils.ExcelDataProvider" name="test1" time="2.409"/>
</testsuite> <!-- utils.ExcelDataProvider -->
