<?xml version="1.0" encoding="UTF-8"?>
<!-- Generated by org.testng.reporters.JUnitReportReporter -->
<testsuite hostname="DESKTOP-TM4M2P9" failures="0" tests="2" name="testPackage.ExtentReportsTestNG" time="4.807" errors="0" timestamp="2023-10-30T11:58:08 PDT" skipped="0">
  <testcase classname="testPackage.ExtentReportsTestNG" name="googleSearch" time="1.939"/>
  <testcase classname="testPackage.ExtentReportsTestNG" name="googleSearch2" time="2.868"/>
</testsuite> <!-- testPackage.ExtentReportsTestNG -->
