<?xml version="1.0" encoding="UTF-8"?>
<!-- Generated by org.testng.reporters.JUnitReportReporter -->
<testsuite hostname="DESKTOP-TM4M2P9" failures="0" tests="2" name="testPackage.Test4_google_search2" time="5.415" errors="0" timestamp="2023-10-30T07:34:48 PDT" skipped="0">
  <testcase classname="testPackage.Test4_google_search2" name="googleSearch" time="3.997"/>
  <testcase classname="testPackage.Test4_google_search2" name="googleSearch2" time="1.418"/>
</testsuite> <!-- testPackage.Test4_google_search2 -->
